<?xml version="1.0" encoding="UTF-8"?>
<robot generator="Robot 6.1 (Python 3.8.2 on linux)" generated="20230705 18:18:09.617" rpa="false" schemaversion="4">
<suite id="s1" name="Amazon Pesquisa" source="/home/henrique/workspace/robot_tests/amazon_pesquisa.robot">
<test id="s1-t1" name="Cenário 1: Pesquisar produto" line="22">
<kw name="Abrir o navegador e acessar o Site">
<kw name="Open Browser" library="SeleniumLibrary">
<arg>https://www.amazon.com.br/</arg>
<arg>chrome</arg>
<doc>Opens a new browser instance to the optional ``url``.</doc>
<msg timestamp="20230705 18:18:09.870" level="INFO">Opening browser 'chrome' to base url 'https://www.amazon.com.br/'.</msg>
<status status="PASS" starttime="20230705 18:18:09.868" endtime="20230705 18:18:15.030"/>
</kw>
<status status="PASS" starttime="20230705 18:18:09.868" endtime="20230705 18:18:15.030"/>
</kw>
<kw name="Escrever o nome do produto no input de pesquisa">
<kw name="Input Text" library="SeleniumLibrary">
<arg>${input_pesquisa}</arg>
<arg>bola</arg>
<doc>Types the given ``text`` into the text field identified by ``locator``.</doc>
<msg timestamp="20230705 18:18:15.036" level="INFO">Typing text 'bola' into text field 'id:twotabsearchtextbox'.</msg>
<status status="PASS" starttime="20230705 18:18:15.033" endtime="20230705 18:18:15.362"/>
</kw>
<status status="PASS" starttime="20230705 18:18:15.031" endtime="20230705 18:18:15.363"/>
</kw>
<kw name="Clicar na lupa">
<kw name="Click Element" library="SeleniumLibrary">
<arg>${botao_lupa}</arg>
<doc>Click the element identified by ``locator``.</doc>
<msg timestamp="20230705 18:18:15.366" level="INFO">Clicking element 'id:nav-search-submit-button'.</msg>
<status status="PASS" starttime="20230705 18:18:15.364" endtime="20230705 18:18:15.575"/>
</kw>
<status status="PASS" starttime="20230705 18:18:15.363" endtime="20230705 18:18:15.575"/>
</kw>
<kw name="Fechar o navegador">
<kw name="Sleep" library="BuiltIn">
<arg>5s</arg>
<doc>Pauses the test executed for the given time.</doc>
<msg timestamp="20230705 18:18:20.578" level="INFO">Slept 5 seconds</msg>
<status status="PASS" starttime="20230705 18:18:15.577" endtime="20230705 18:18:20.578"/>
</kw>
<kw name="Close Browser" library="SeleniumLibrary">
<doc>Closes the current browser.</doc>
<status status="PASS" starttime="20230705 18:18:20.579" endtime="20230705 18:18:20.759"/>
</kw>
<status status="PASS" starttime="20230705 18:18:15.576" endtime="20230705 18:18:20.759"/>
</kw>
<status status="PASS" starttime="20230705 18:18:09.866" endtime="20230705 18:18:20.760"/>
</test>
<status status="PASS" starttime="20230705 18:18:09.619" endtime="20230705 18:18:20.763"/>
</suite>
<statistics>
<total>
<stat pass="1" fail="0" skip="0">All Tests</stat>
</total>
<tag>
</tag>
<suite>
<stat pass="1" fail="0" skip="0" id="s1" name="Amazon Pesquisa">Amazon Pesquisa</stat>
</suite>
</statistics>
<errors>
</errors>
</robot>
