<?xml version="1.0" encoding="UTF-8"?>
<robot generator="Robot 6.0 (Python 3.9.12 on linux)" generated="20230831 09:03:27.541" rpa="false" schemaversion="3">
<suite id="s1" name="produtosServeRest" source="/home/lasic/workspace/robot_tests/produtosServeRest.robot">
<test id="s1-t1" name="Cenário 1: Pesquisar produto por um id válido" line="60">
<kw name="DADO que o usuário inicie a sessão na API do serverest">
<doc>Inicia a cessão na API do serverest</doc>
<kw name="Create Dictionary" library="BuiltIn">
<var>${HEADERS}</var>
<arg>Content-Type=application/json</arg>
<doc>Creates and returns a dictionary based on the given ``items``.</doc>
<msg timestamp="20230831 09:03:28.025" level="INFO">${HEADERS} = {'Content-Type': 'application/json'}</msg>
<status status="PASS" starttime="20230831 09:03:28.025" endtime="20230831 09:03:28.025"/>
</kw>
<kw name="Create Session" library="RequestsLibrary">
<arg>alias=serveRest</arg>
<arg>url=${BASE_URL}</arg>
<arg>headers=${HEADERS}</arg>
<arg>disable_warnings=1</arg>
<doc>Create Session: create a HTTP session to a server</doc>
<msg timestamp="20230831 09:03:28.026" level="INFO">Creating Session using : alias=serveRest, url=https://serverest.dev, headers={'Content-Type': 'application/json'},                     cookies={}, auth=None, timeout=None, proxies=None, verify=False,                     debug=0 </msg>
<status status="PASS" starttime="20230831 09:03:28.025" endtime="20230831 09:03:28.026"/>
</kw>
<status status="PASS" starttime="20230831 09:03:28.025" endtime="20230831 09:03:28.026"/>
</kw>
<kw name="E realize o cadastro no sistema">
<kw name="Criar dados do usuário">
<doc>Cria um dicionário com os dados do usuário</doc>
<kw name="First Name" library="FakerLibrary">
<var>${FIRT_NAME}</var>
<msg timestamp="20230831 09:03:28.027" level="INFO">${FIRT_NAME} = Sofia</msg>
<status status="PASS" starttime="20230831 09:03:28.027" endtime="20230831 09:03:28.027"/>
</kw>
<kw name="Last Name" library="FakerLibrary">
<var>${LAST_NAME}</var>
<msg timestamp="20230831 09:03:28.027" level="INFO">${LAST_NAME} = Nascimento</msg>
<status status="PASS" starttime="20230831 09:03:28.027" endtime="20230831 09:03:28.027"/>
</kw>
<kw name="Email" library="FakerLibrary">
<var>${EMAIL}</var>
<msg timestamp="20230831 09:03:28.028" level="INFO">${EMAIL} = marcos-vinicius82@example.com</msg>
<status status="PASS" starttime="20230831 09:03:28.028" endtime="20230831 09:03:28.028"/>
</kw>
<kw name="Password" library="FakerLibrary">
<var>${PASSWORD}</var>
<doc>Generate a random password of the specified ``length``.</doc>
<msg timestamp="20230831 09:03:28.028" level="INFO">${PASSWORD} = +!Fa#R2z87</msg>
<status status="PASS" starttime="20230831 09:03:28.028" endtime="20230831 09:03:28.028"/>
</kw>
<kw name="Create Dictionary" library="BuiltIn">
<var>${USUARIO}</var>
<arg>nome=${FIRT_NAME} ${LAST_NAME}</arg>
<arg>email=${EMAIL}</arg>
<arg>senha=${PASSWORD}</arg>
<doc>Creates and returns a dictionary based on the given ``items``.</doc>
<msg timestamp="20230831 09:03:28.029" level="INFO">${USUARIO} = {'nome': 'Sofia Nascimento', 'email': 'marcos-vinicius82@example.com', 'senha': '+!Fa#R2z87'}</msg>
<status status="PASS" starttime="20230831 09:03:28.028" endtime="20230831 09:03:28.029"/>
</kw>
<kw name="Set Suite Variable" library="BuiltIn">
<arg>${USUARIO}</arg>
<doc>Makes a variable available everywhere within the scope of the current suite.</doc>
<msg timestamp="20230831 09:03:28.029" level="INFO">${USUARIO} = {'nome': 'Sofia Nascimento', 'email': 'marcos-vinicius82@example.com', 'senha': '+!Fa#R2z87'}</msg>
<status status="PASS" starttime="20230831 09:03:28.029" endtime="20230831 09:03:28.029"/>
</kw>
<status status="PASS" starttime="20230831 09:03:28.027" endtime="20230831 09:03:28.029"/>
</kw>
<kw name="Create Dictionary" library="BuiltIn">
<var>${Body}</var>
<arg>nome=${USUARIO.nome}</arg>
<arg>email=${USUARIO.email}</arg>
<arg>password=${USUARIO.senha}</arg>
<arg>administrador=true</arg>
<doc>Creates and returns a dictionary based on the given ``items``.</doc>
<msg timestamp="20230831 09:03:28.031" level="INFO">${Body} = {'nome': 'Sofia Nascimento', 'email': 'marcos-vinicius82@example.com', 'password': '+!Fa#R2z87', 'administrador': 'true'}</msg>
<status status="PASS" starttime="20230831 09:03:28.029" endtime="20230831 09:03:28.031"/>
</kw>
<kw name="POST On Session" library="RequestsLibrary">
<var>${RESPONSE}</var>
<arg>alias=serveRest</arg>
<arg>url=usuarios</arg>
<arg>json=${BODY}</arg>
<doc>Sends a POST request on a previously created HTTP Session.</doc>
<msg timestamp="20230831 09:03:28.468" level="INFO">POST Request : url=https://serverest.dev/usuarios 
 path_url=/usuarios 
 headers={'User-Agent': 'python-requests/2.28.1', 'Accept-Encoding': 'gzip, deflate, br', 'Accept': '*/*', 'Connection': 'keep-alive', 'Content-Type': 'application/json', 'Content-Length': '121'} 
 body=b'{"nome": "Sofia Nascimento", "email": "marcos-vinicius82@example.com", "password": "+!Fa#R2z87", "administrador": "true"}' 
 </msg>
<msg timestamp="20230831 09:03:28.468" level="INFO">POST Response : url=https://serverest.dev/usuarios 
 status=201, reason=Created 
 headers={'access-control-allow-origin': '*', 'x-dns-prefetch-control': 'off', 'x-frame-options': 'SAMEORIGIN', 'strict-transport-security': 'max-age=15552000; includeSubDomains', 'x-download-options': 'noopen', 'x-content-type-options': 'nosniff', 'x-xss-protection': '1; mode=block', 'x-moesif-transaction-id': 'b1d5ec47-6131-4b77-9044-27b380318427', 'content-type': 'application/json; charset=utf-8', 'X-Cloud-Trace-Context': 'cf640c72e2adf2edf67dca6f264cd587;o=1', 'Date': 'Thu, 31 Aug 2023 12:03:28 GMT', 'Server': 'Google Frontend', 'Content-Length': '82'} 
 body={
    "message": "Cadastro realizado com sucesso",
    "_id": "m1mGTNLeC1g6Rb87"
} 
 </msg>
<msg timestamp="20230831 09:03:28.468" level="INFO">${RESPONSE} = &lt;Response [201]&gt;</msg>
<status status="PASS" starttime="20230831 09:03:28.031" endtime="20230831 09:03:28.468"/>
</kw>
<kw name="Log" library="BuiltIn">
<arg>Resposta Retornada: ${\n}${RESPONSE.text}</arg>
<doc>Logs the given message with the given level.</doc>
<msg timestamp="20230831 09:03:28.470" level="INFO">Resposta Retornada: 
{
    "message": "Cadastro realizado com sucesso",
    "_id": "m1mGTNLeC1g6Rb87"
}</msg>
<status status="PASS" starttime="20230831 09:03:28.469" endtime="20230831 09:03:28.470"/>
</kw>
<status status="PASS" starttime="20230831 09:03:28.027" endtime="20230831 09:03:28.470"/>
</kw>
<kw name="QUANDO o usuário receber o Token">
<kw name="Create Dictionary" library="BuiltIn">
<var>${BODY}</var>
<arg>email=${USUARIO.email}</arg>
<arg>password=${USUARIO.senha}</arg>
<doc>Creates and returns a dictionary based on the given ``items``.</doc>
<msg timestamp="20230831 09:03:28.472" level="INFO">${BODY} = {'email': 'marcos-vinicius82@example.com', 'password': '+!Fa#R2z87'}</msg>
<status status="PASS" starttime="20230831 09:03:28.470" endtime="20230831 09:03:28.472"/>
</kw>
<kw name="POST On Session" library="RequestsLibrary">
<var>${RESPONSE}</var>
<arg>alias=serveRest</arg>
<arg>url=login</arg>
<arg>json=${BODY}</arg>
<doc>Sends a POST request on a previously created HTTP Session.</doc>
<msg timestamp="20230831 09:03:28.667" level="INFO">POST Request : url=https://serverest.dev/login 
 path_url=/login 
 headers={'User-Agent': 'python-requests/2.28.1', 'Accept-Encoding': 'gzip, deflate, br', 'Accept': '*/*', 'Connection': 'keep-alive', 'Content-Type': 'application/json', 'Content-Length': '68'} 
 body=b'{"email": "marcos-vinicius82@example.com", "password": "+!Fa#R2z87"}' 
 </msg>
<msg timestamp="20230831 09:03:28.667" level="INFO">POST Response : url=https://serverest.dev/login 
 status=200, reason=OK 
 headers={'access-control-allow-origin': '*', 'x-dns-prefetch-control': 'off', 'x-frame-options': 'SAMEORIGIN', 'strict-transport-security': 'max-age=15552000; includeSubDomains', 'x-download-options': 'noopen', 'x-content-type-options': 'nosniff', 'x-xss-protection': '1; mode=block', 'x-moesif-transaction-id': 'a756a334-2a41-4262-b08b-c5a09c81d48e', 'content-type': 'application/json; charset=utf-8', 'X-Cloud-Trace-Context': '2905900831bda64fd59ed6ace69bd91a', 'Date': 'Thu, 31 Aug 2023 12:03:28 GMT', 'Server': 'Google Frontend', 'Content-Length': '293'} 
 body={
    "message": "Login realizado com sucesso",
    "authorization": "Bearer eyJhbGciOiJIUzI1NiIsInR5cCI6IkpXVCJ9.eyJlbWFpbCI6Im1hcmNvcy12aW5pY2l1czgyQGV4YW1wbGUuY29tIiwicGFzc3dvcmQiOiIrIUZhI1Iyejg3IiwiaWF0IjoxNjkzNDgzNDA4LCJleHAiOjE2OTM0ODQwMDh9.SLfAfB8evH5kS-4JH4PZmibkjc3jdAfAGf7yYy0gaaU"
} 
 </msg>
<msg timestamp="20230831 09:03:28.668" level="INFO">${RESPONSE} = &lt;Response [200]&gt;</msg>
<status status="PASS" starttime="20230831 09:03:28.472" endtime="20230831 09:03:28.668"/>
</kw>
<kw name="Log" library="BuiltIn">
<arg>Resposta Retornada: ${\n}${RESPONSE.text}</arg>
<doc>Logs the given message with the given level.</doc>
<msg timestamp="20230831 09:03:28.669" level="INFO">Resposta Retornada: 
{
    "message": "Login realizado com sucesso",
    "authorization": "Bearer eyJhbGciOiJIUzI1NiIsInR5cCI6IkpXVCJ9.eyJlbWFpbCI6Im1hcmNvcy12aW5pY2l1czgyQGV4YW1wbGUuY29tIiwicGFzc3dvcmQiOiIrIUZhI1Iyejg3IiwiaWF0IjoxNjkzNDgzNDA4LCJleHAiOjE2OTM0ODQwMDh9.SLfAfB8evH5kS-4JH4PZmibkjc3jdAfAGf7yYy0gaaU"
}</msg>
<status status="PASS" starttime="20230831 09:03:28.668" endtime="20230831 09:03:28.670"/>
</kw>
<kw name="Dictionary Should Contain Item" library="Collections">
<arg>${RESPONSE.json()}</arg>
<arg>message</arg>
<arg>Login realizado com sucesso</arg>
<doc>An item of ``key`` / ``value`` must be found in a ``dictionary``.</doc>
<status status="PASS" starttime="20230831 09:03:28.670" endtime="20230831 09:03:28.671"/>
</kw>
<kw name="Get From Dictionary" library="Collections">
<var>${TOKEN}</var>
<arg>${RESPONSE.json()}</arg>
<arg>authorization</arg>
<doc>Returns a value from the given ``dictionary`` based on the given ``key``.</doc>
<msg timestamp="20230831 09:03:28.672" level="INFO">${TOKEN} = Bearer eyJhbGciOiJIUzI1NiIsInR5cCI6IkpXVCJ9.eyJlbWFpbCI6Im1hcmNvcy12aW5pY2l1czgyQGV4YW1wbGUuY29tIiwicGFzc3dvcmQiOiIrIUZhI1Iyejg3IiwiaWF0IjoxNjkzNDgzNDA4LCJleHAiOjE2OTM0ODQwMDh9.SLfAfB8evH5kS-4JH4PZmib...</msg>
<status status="PASS" starttime="20230831 09:03:28.671" endtime="20230831 09:03:28.673"/>
</kw>
<kw name="Set Suite Variable" library="BuiltIn">
<arg>${TOKEN}</arg>
<doc>Makes a variable available everywhere within the scope of the current suite.</doc>
<msg timestamp="20230831 09:03:28.673" level="INFO">${TOKEN} = Bearer eyJhbGciOiJIUzI1NiIsInR5cCI6IkpXVCJ9.eyJlbWFpbCI6Im1hcmNvcy12aW5pY2l1czgyQGV4YW1wbGUuY29tIiwicGFzc3dvcmQiOiIrIUZhI1Iyejg3IiwiaWF0IjoxNjkzNDgzNDA4LCJleHAiOjE2OTM0ODQwMDh9.SLfAfB8evH5kS-4JH4PZmib...</msg>
<status status="PASS" starttime="20230831 09:03:28.673" endtime="20230831 09:03:28.674"/>
</kw>
<status status="PASS" starttime="20230831 09:03:28.470" endtime="20230831 09:03:28.674"/>
</kw>
<kw name="E realizar a requisição do produto ${_id}" sourcename="E realizar a requisição do produto ${_id}">
<doc>Realiza uma requisição informando o id do produto no path do endpoint</doc>
<kw name="GET On Session" library="RequestsLibrary">
<var>${RESPONSE}</var>
<arg>alias=serveRest</arg>
<arg>url=/produtos/${_id}</arg>
<doc>Sends a GET request on a previously created HTTP Session.</doc>
<msg timestamp="20230831 09:03:28.869" level="INFO">GET Request : url=https://serverest.dev/produtos/K6leHdftCeOJj8BJ 
 path_url=/produtos/K6leHdftCeOJj8BJ 
 headers={'User-Agent': 'python-requests/2.28.1', 'Accept-Encoding': 'gzip, deflate, br', 'Accept': '*/*', 'Connection': 'keep-alive', 'Content-Type': 'application/json'} 
 body=None 
 </msg>
<msg timestamp="20230831 09:03:28.869" level="INFO">GET Response : url=https://serverest.dev/produtos/K6leHdftCeOJj8BJ 
 status=200, reason=OK 
 headers={'access-control-allow-origin': '*', 'x-dns-prefetch-control': 'off', 'x-frame-options': 'SAMEORIGIN', 'strict-transport-security': 'max-age=15552000; includeSubDomains', 'x-download-options': 'noopen', 'x-content-type-options': 'nosniff', 'x-xss-protection': '1; mode=block', 'x-moesif-transaction-id': 'b07f128a-4f59-4af2-9d6b-0fe454477131', 'content-type': 'application/json; charset=utf-8', 'X-Cloud-Trace-Context': '1b661d6136807a45af08ae5d77d27727', 'Date': 'Thu, 31 Aug 2023 12:03:28 GMT', 'Server': 'Google Frontend', 'Content-Length': '136'} 
 body={
    "nome": "Samsung 60 polegadas",
    "preco": 5240,
    "descricao": "TV",
    "quantidade": 49977,
    "_id": "K6leHdftCeOJj8BJ"
} 
 </msg>
<msg timestamp="20230831 09:03:28.870" level="INFO">${RESPONSE} = &lt;Response [200]&gt;</msg>
<status status="PASS" starttime="20230831 09:03:28.675" endtime="20230831 09:03:28.870"/>
</kw>
<status status="PASS" starttime="20230831 09:03:28.674" endtime="20230831 09:03:28.870"/>
</kw>
<kw name="Então o sistema deve retornar um json com o produto relacionado ao id pesquisado">
<doc>Verifica se o produto retornado está correto.</doc>
<kw name="Create Dictionary" library="BuiltIn">
<var>${HEADERS}</var>
<arg>Authorization=${TOKEN}</arg>
<doc>Creates and returns a dictionary based on the given ``items``.</doc>
<msg timestamp="20230831 09:03:28.872" level="INFO">${HEADERS} = {'Authorization': 'Bearer eyJhbGciOiJIUzI1NiIsInR5cCI6IkpXVCJ9.eyJlbWFpbCI6Im1hcmNvcy12aW5pY2l1czgyQGV4YW1wbGUuY29tIiwicGFzc3dvcmQiOiIrIUZhI1Iyejg3IiwiaWF0IjoxNjkzNDgzNDA4LCJleHAiOjE2OTM0ODQwMDh9.SLfA...</msg>
<status status="PASS" starttime="20230831 09:03:28.871" endtime="20230831 09:03:28.872"/>
</kw>
<kw name="GET On Session" library="RequestsLibrary">
<var>${RESPONSE}</var>
<arg>alias=serveRest</arg>
<arg>url=/produtos/${_id}</arg>
<arg>headers=${HEADERS}</arg>
<doc>Sends a GET request on a previously created HTTP Session.</doc>
<msg timestamp="20230831 09:03:29.066" level="INFO">GET Request : url=https://serverest.dev/produtos/K6leHdftCeOJj8BJ 
 path_url=/produtos/K6leHdftCeOJj8BJ 
 headers={'User-Agent': 'python-requests/2.28.1', 'Accept-Encoding': 'gzip, deflate, br', 'Accept': '*/*', 'Connection': 'keep-alive', 'Content-Type': 'application/json', 'Authorization': 'Bearer eyJhbGciOiJIUzI1NiIsInR5cCI6IkpXVCJ9.eyJlbWFpbCI6Im1hcmNvcy12aW5pY2l1czgyQGV4YW1wbGUuY29tIiwicGFzc3dvcmQiOiIrIUZhI1Iyejg3IiwiaWF0IjoxNjkzNDgzNDA4LCJleHAiOjE2OTM0ODQwMDh9.SLfAfB8evH5kS-4JH4PZmibkjc3jdAfAGf7yYy0gaaU'} 
 body=None 
 </msg>
<msg timestamp="20230831 09:03:29.067" level="INFO">GET Response : url=https://serverest.dev/produtos/K6leHdftCeOJj8BJ 
 status=200, reason=OK 
 headers={'access-control-allow-origin': '*', 'x-dns-prefetch-control': 'off', 'x-frame-options': 'SAMEORIGIN', 'strict-transport-security': 'max-age=15552000; includeSubDomains', 'x-download-options': 'noopen', 'x-content-type-options': 'nosniff', 'x-xss-protection': '1; mode=block', 'x-moesif-transaction-id': 'a3a853d9-b8d0-4a30-ab09-be318d2e880d', 'content-type': 'application/json; charset=utf-8', 'X-Cloud-Trace-Context': '03db3b6cd01d0acddc79dfad8829cccd', 'Date': 'Thu, 31 Aug 2023 12:03:28 GMT', 'Server': 'Google Frontend', 'Content-Length': '136'} 
 body={
    "nome": "Samsung 60 polegadas",
    "preco": 5240,
    "descricao": "TV",
    "quantidade": 49977,
    "_id": "K6leHdftCeOJj8BJ"
} 
 </msg>
<msg timestamp="20230831 09:03:29.067" level="INFO">${RESPONSE} = &lt;Response [200]&gt;</msg>
<status status="PASS" starttime="20230831 09:03:28.872" endtime="20230831 09:03:29.067"/>
</kw>
<kw name="Log" library="BuiltIn">
<arg>Resposta Retornada: ${\n}${RESPONSE.text}</arg>
<doc>Logs the given message with the given level.</doc>
<msg timestamp="20230831 09:03:29.069" level="INFO">Resposta Retornada: 
{
    "nome": "Samsung 60 polegadas",
    "preco": 5240,
    "descricao": "TV",
    "quantidade": 49977,
    "_id": "K6leHdftCeOJj8BJ"
}</msg>
<status status="PASS" starttime="20230831 09:03:29.067" endtime="20230831 09:03:29.069"/>
</kw>
<kw name="Dictionary Should Contain Item" library="Collections">
<arg>${RESPONSE.json()}</arg>
<arg>nome</arg>
<arg>Samsung 60 polegadas</arg>
<doc>An item of ``key`` / ``value`` must be found in a ``dictionary``.</doc>
<status status="PASS" starttime="20230831 09:03:29.069" endtime="20230831 09:03:29.070"/>
</kw>
<kw name="Delete All Sessions" library="RequestsLibrary">
<doc>Removes all the session objects</doc>
<msg timestamp="20230831 09:03:29.071" level="INFO">Deleting All Sessions</msg>
<status status="PASS" starttime="20230831 09:03:29.071" endtime="20230831 09:03:29.071"/>
</kw>
<status status="PASS" starttime="20230831 09:03:28.870" endtime="20230831 09:03:29.071"/>
</kw>
<status status="PASS" starttime="20230831 09:03:28.024" endtime="20230831 09:03:29.071"/>
</test>
<test id="s1-t2" name="Cenário 2: Pesquisar produto por um id inexistente" line="67">
<kw name="DADO que o usuário inicie a sessão na API do serverest">
<doc>Inicia a cessão na API do serverest</doc>
<kw name="Create Dictionary" library="BuiltIn">
<var>${HEADERS}</var>
<arg>Content-Type=application/json</arg>
<doc>Creates and returns a dictionary based on the given ``items``.</doc>
<msg timestamp="20230831 09:03:29.074" level="INFO">${HEADERS} = {'Content-Type': 'application/json'}</msg>
<status status="PASS" starttime="20230831 09:03:29.073" endtime="20230831 09:03:29.074"/>
</kw>
<kw name="Create Session" library="RequestsLibrary">
<arg>alias=serveRest</arg>
<arg>url=${BASE_URL}</arg>
<arg>headers=${HEADERS}</arg>
<arg>disable_warnings=1</arg>
<doc>Create Session: create a HTTP session to a server</doc>
<msg timestamp="20230831 09:03:29.075" level="INFO">Creating Session using : alias=serveRest, url=https://serverest.dev, headers={'Content-Type': 'application/json'},                     cookies={}, auth=None, timeout=None, proxies=None, verify=False,                     debug=0 </msg>
<status status="PASS" starttime="20230831 09:03:29.074" endtime="20230831 09:03:29.076"/>
</kw>
<status status="PASS" starttime="20230831 09:03:29.073" endtime="20230831 09:03:29.076"/>
</kw>
<kw name="E realize o cadastro no sistema">
<kw name="Criar dados do usuário">
<doc>Cria um dicionário com os dados do usuário</doc>
<kw name="First Name" library="FakerLibrary">
<var>${FIRT_NAME}</var>
<msg timestamp="20230831 09:03:29.077" level="INFO">${FIRT_NAME} = Marcela</msg>
<status status="PASS" starttime="20230831 09:03:29.077" endtime="20230831 09:03:29.077"/>
</kw>
<kw name="Last Name" library="FakerLibrary">
<var>${LAST_NAME}</var>
<msg timestamp="20230831 09:03:29.077" level="INFO">${LAST_NAME} = Moura</msg>
<status status="PASS" starttime="20230831 09:03:29.077" endtime="20230831 09:03:29.077"/>
</kw>
<kw name="Email" library="FakerLibrary">
<var>${EMAIL}</var>
<msg timestamp="20230831 09:03:29.078" level="INFO">${EMAIL} = gomesgabriela@example.com</msg>
<status status="PASS" starttime="20230831 09:03:29.077" endtime="20230831 09:03:29.078"/>
</kw>
<kw name="Password" library="FakerLibrary">
<var>${PASSWORD}</var>
<doc>Generate a random password of the specified ``length``.</doc>
<msg timestamp="20230831 09:03:29.078" level="INFO">${PASSWORD} = t2C6wRqx!$</msg>
<status status="PASS" starttime="20230831 09:03:29.078" endtime="20230831 09:03:29.078"/>
</kw>
<kw name="Create Dictionary" library="BuiltIn">
<var>${USUARIO}</var>
<arg>nome=${FIRT_NAME} ${LAST_NAME}</arg>
<arg>email=${EMAIL}</arg>
<arg>senha=${PASSWORD}</arg>
<doc>Creates and returns a dictionary based on the given ``items``.</doc>
<msg timestamp="20230831 09:03:29.079" level="INFO">${USUARIO} = {'nome': 'Marcela Moura', 'email': 'gomesgabriela@example.com', 'senha': 't2C6wRqx!$'}</msg>
<status status="PASS" starttime="20230831 09:03:29.078" endtime="20230831 09:03:29.079"/>
</kw>
<kw name="Set Suite Variable" library="BuiltIn">
<arg>${USUARIO}</arg>
<doc>Makes a variable available everywhere within the scope of the current suite.</doc>
<msg timestamp="20230831 09:03:29.079" level="INFO">${USUARIO} = {'nome': 'Marcela Moura', 'email': 'gomesgabriela@example.com', 'senha': 't2C6wRqx!$'}</msg>
<status status="PASS" starttime="20230831 09:03:29.079" endtime="20230831 09:03:29.079"/>
</kw>
<status status="PASS" starttime="20230831 09:03:29.077" endtime="20230831 09:03:29.079"/>
</kw>
<kw name="Create Dictionary" library="BuiltIn">
<var>${Body}</var>
<arg>nome=${USUARIO.nome}</arg>
<arg>email=${USUARIO.email}</arg>
<arg>password=${USUARIO.senha}</arg>
<arg>administrador=true</arg>
<doc>Creates and returns a dictionary based on the given ``items``.</doc>
<msg timestamp="20230831 09:03:29.081" level="INFO">${Body} = {'nome': 'Marcela Moura', 'email': 'gomesgabriela@example.com', 'password': 't2C6wRqx!$', 'administrador': 'true'}</msg>
<status status="PASS" starttime="20230831 09:03:29.079" endtime="20230831 09:03:29.081"/>
</kw>
<kw name="POST On Session" library="RequestsLibrary">
<var>${RESPONSE}</var>
<arg>alias=serveRest</arg>
<arg>url=usuarios</arg>
<arg>json=${BODY}</arg>
<doc>Sends a POST request on a previously created HTTP Session.</doc>
<msg timestamp="20230831 09:03:29.501" level="INFO">POST Request : url=https://serverest.dev/usuarios 
 path_url=/usuarios 
 headers={'User-Agent': 'python-requests/2.28.1', 'Accept-Encoding': 'gzip, deflate, br', 'Accept': '*/*', 'Connection': 'keep-alive', 'Content-Type': 'application/json', 'Content-Length': '114'} 
 body=b'{"nome": "Marcela Moura", "email": "gomesgabriela@example.com", "password": "t2C6wRqx!$", "administrador": "true"}' 
 </msg>
<msg timestamp="20230831 09:03:29.502" level="INFO">POST Response : url=https://serverest.dev/usuarios 
 status=201, reason=Created 
 headers={'access-control-allow-origin': '*', 'x-dns-prefetch-control': 'off', 'x-frame-options': 'SAMEORIGIN', 'strict-transport-security': 'max-age=15552000; includeSubDomains', 'x-download-options': 'noopen', 'x-content-type-options': 'nosniff', 'x-xss-protection': '1; mode=block', 'x-moesif-transaction-id': '2d1404bf-d71b-4717-8e44-647f5310c49e', 'content-type': 'application/json; charset=utf-8', 'X-Cloud-Trace-Context': '9aa6b639a7c4c97b3ec3014233a1ac48', 'Date': 'Thu, 31 Aug 2023 12:03:29 GMT', 'Server': 'Google Frontend', 'Content-Length': '82'} 
 body={
    "message": "Cadastro realizado com sucesso",
    "_id": "LTXASaGEXM0iwfzT"
} 
 </msg>
<msg timestamp="20230831 09:03:29.502" level="INFO">${RESPONSE} = &lt;Response [201]&gt;</msg>
<status status="PASS" starttime="20230831 09:03:29.081" endtime="20230831 09:03:29.502"/>
</kw>
<kw name="Log" library="BuiltIn">
<arg>Resposta Retornada: ${\n}${RESPONSE.text}</arg>
<doc>Logs the given message with the given level.</doc>
<msg timestamp="20230831 09:03:29.504" level="INFO">Resposta Retornada: 
{
    "message": "Cadastro realizado com sucesso",
    "_id": "LTXASaGEXM0iwfzT"
}</msg>
<status status="PASS" starttime="20230831 09:03:29.502" endtime="20230831 09:03:29.504"/>
</kw>
<status status="PASS" starttime="20230831 09:03:29.076" endtime="20230831 09:03:29.504"/>
</kw>
<kw name="QUANDO o usuário receber o Token">
<kw name="Create Dictionary" library="BuiltIn">
<var>${BODY}</var>
<arg>email=${USUARIO.email}</arg>
<arg>password=${USUARIO.senha}</arg>
<doc>Creates and returns a dictionary based on the given ``items``.</doc>
<msg timestamp="20230831 09:03:29.507" level="INFO">${BODY} = {'email': 'gomesgabriela@example.com', 'password': 't2C6wRqx!$'}</msg>
<status status="PASS" starttime="20230831 09:03:29.505" endtime="20230831 09:03:29.507"/>
</kw>
<kw name="POST On Session" library="RequestsLibrary">
<var>${RESPONSE}</var>
<arg>alias=serveRest</arg>
<arg>url=login</arg>
<arg>json=${BODY}</arg>
<doc>Sends a POST request on a previously created HTTP Session.</doc>
<msg timestamp="20230831 09:03:29.698" level="INFO">POST Request : url=https://serverest.dev/login 
 path_url=/login 
 headers={'User-Agent': 'python-requests/2.28.1', 'Accept-Encoding': 'gzip, deflate, br', 'Accept': '*/*', 'Connection': 'keep-alive', 'Content-Type': 'application/json', 'Content-Length': '64'} 
 body=b'{"email": "gomesgabriela@example.com", "password": "t2C6wRqx!$"}' 
 </msg>
<msg timestamp="20230831 09:03:29.698" level="INFO">POST Response : url=https://serverest.dev/login 
 status=200, reason=OK 
 headers={'access-control-allow-origin': '*', 'x-dns-prefetch-control': 'off', 'x-frame-options': 'SAMEORIGIN', 'strict-transport-security': 'max-age=15552000; includeSubDomains', 'x-download-options': 'noopen', 'x-content-type-options': 'nosniff', 'x-xss-protection': '1; mode=block', 'x-moesif-transaction-id': 'c085e861-d181-4259-a669-0b9ab1141708', 'content-type': 'application/json; charset=utf-8', 'X-Cloud-Trace-Context': 'ab1c8ce56c4ae7f39227cec7d5266081', 'Date': 'Thu, 31 Aug 2023 12:03:29 GMT', 'Server': 'Google Frontend', 'Content-Length': '288'} 
 body={
    "message": "Login realizado com sucesso",
    "authorization": "Bearer eyJhbGciOiJIUzI1NiIsInR5cCI6IkpXVCJ9.eyJlbWFpbCI6ImdvbWVzZ2FicmllbGFAZXhhbXBsZS5jb20iLCJwYXNzd29yZCI6InQyQzZ3UnF4ISQiLCJpYXQiOjE2OTM0ODM0MDksImV4cCI6MTY5MzQ4NDAwOX0.FlhVWRW8SptUvbiqJ2MXahfL4jUs2kvx39FT4KiDLQY"
} 
 </msg>
<msg timestamp="20230831 09:03:29.698" level="INFO">${RESPONSE} = &lt;Response [200]&gt;</msg>
<status status="PASS" starttime="20230831 09:03:29.507" endtime="20230831 09:03:29.698"/>
</kw>
<kw name="Log" library="BuiltIn">
<arg>Resposta Retornada: ${\n}${RESPONSE.text}</arg>
<doc>Logs the given message with the given level.</doc>
<msg timestamp="20230831 09:03:29.700" level="INFO">Resposta Retornada: 
{
    "message": "Login realizado com sucesso",
    "authorization": "Bearer eyJhbGciOiJIUzI1NiIsInR5cCI6IkpXVCJ9.eyJlbWFpbCI6ImdvbWVzZ2FicmllbGFAZXhhbXBsZS5jb20iLCJwYXNzd29yZCI6InQyQzZ3UnF4ISQiLCJpYXQiOjE2OTM0ODM0MDksImV4cCI6MTY5MzQ4NDAwOX0.FlhVWRW8SptUvbiqJ2MXahfL4jUs2kvx39FT4KiDLQY"
}</msg>
<status status="PASS" starttime="20230831 09:03:29.699" endtime="20230831 09:03:29.700"/>
</kw>
<kw name="Dictionary Should Contain Item" library="Collections">
<arg>${RESPONSE.json()}</arg>
<arg>message</arg>
<arg>Login realizado com sucesso</arg>
<doc>An item of ``key`` / ``value`` must be found in a ``dictionary``.</doc>
<status status="PASS" starttime="20230831 09:03:29.700" endtime="20230831 09:03:29.701"/>
</kw>
<kw name="Get From Dictionary" library="Collections">
<var>${TOKEN}</var>
<arg>${RESPONSE.json()}</arg>
<arg>authorization</arg>
<doc>Returns a value from the given ``dictionary`` based on the given ``key``.</doc>
<msg timestamp="20230831 09:03:29.702" level="INFO">${TOKEN} = Bearer eyJhbGciOiJIUzI1NiIsInR5cCI6IkpXVCJ9.eyJlbWFpbCI6ImdvbWVzZ2FicmllbGFAZXhhbXBsZS5jb20iLCJwYXNzd29yZCI6InQyQzZ3UnF4ISQiLCJpYXQiOjE2OTM0ODM0MDksImV4cCI6MTY5MzQ4NDAwOX0.FlhVWRW8SptUvbiqJ2MXahfL4jUs...</msg>
<status status="PASS" starttime="20230831 09:03:29.701" endtime="20230831 09:03:29.702"/>
</kw>
<kw name="Set Suite Variable" library="BuiltIn">
<arg>${TOKEN}</arg>
<doc>Makes a variable available everywhere within the scope of the current suite.</doc>
<msg timestamp="20230831 09:03:29.703" level="INFO">${TOKEN} = Bearer eyJhbGciOiJIUzI1NiIsInR5cCI6IkpXVCJ9.eyJlbWFpbCI6ImdvbWVzZ2FicmllbGFAZXhhbXBsZS5jb20iLCJwYXNzd29yZCI6InQyQzZ3UnF4ISQiLCJpYXQiOjE2OTM0ODM0MDksImV4cCI6MTY5MzQ4NDAwOX0.FlhVWRW8SptUvbiqJ2MXahfL4jUs...</msg>
<status status="PASS" starttime="20230831 09:03:29.702" endtime="20230831 09:03:29.703"/>
</kw>
<status status="PASS" starttime="20230831 09:03:29.504" endtime="20230831 09:03:29.703"/>
</kw>
<kw name="E realizar a requisição com um id inexistente">
<doc>Realiza uma requisição informando um id inválido igual a 123</doc>
<kw name="GET On Session" library="RequestsLibrary">
<var>${RESPONSE}</var>
<arg>alias=serveRest</arg>
<arg>url=/produtos/A123</arg>
<doc>Sends a GET request on a previously created HTTP Session.</doc>
<msg timestamp="20230831 09:03:29.895" level="INFO">GET Request : url=https://serverest.dev/produtos/A123 
 path_url=/produtos/A123 
 headers={'User-Agent': 'python-requests/2.28.1', 'Accept-Encoding': 'gzip, deflate, br', 'Accept': '*/*', 'Connection': 'keep-alive', 'Content-Type': 'application/json'} 
 body=None 
 </msg>
<msg timestamp="20230831 09:03:29.895" level="INFO">GET Response : url=https://serverest.dev/produtos/A123 
 status=400, reason=Bad Request 
 headers={'access-control-allow-origin': '*', 'x-dns-prefetch-control': 'off', 'x-frame-options': 'SAMEORIGIN', 'strict-transport-security': 'max-age=15552000; includeSubDomains', 'x-download-options': 'noopen', 'x-content-type-options': 'nosniff', 'x-xss-protection': '1; mode=block', 'x-moesif-transaction-id': 'b950b39d-c0e5-4b3c-b909-3313a6859968', 'content-type': 'application/json; charset=utf-8', 'X-Cloud-Trace-Context': '2f290e11db43a4af9f601c8abdc3126e', 'Date': 'Thu, 31 Aug 2023 12:03:29 GMT', 'Server': 'Google Frontend', 'Content-Length': '44'} 
 body={
    "message": "Produto não encontrado"
} 
 </msg>
<msg timestamp="20230831 09:03:29.895" level="FAIL">HTTPError: 400 Client Error: Bad Request for url: https://serverest.dev/produtos/A123</msg>
<status status="FAIL" starttime="20230831 09:03:29.703" endtime="20230831 09:03:29.896"/>
</kw>
<status status="FAIL" starttime="20230831 09:03:29.703" endtime="20230831 09:03:29.897"/>
</kw>
<kw name="Então o sistema deve retornar um json contendo uma mensagem de erro">
<doc>Verifica se o status de resposta é 200</doc>
<status status="NOT RUN" starttime="20230831 09:03:29.897" endtime="20230831 09:03:29.897"/>
</kw>
<status status="FAIL" starttime="20230831 09:03:29.072" endtime="20230831 09:03:29.898">HTTPError: 400 Client Error: Bad Request for url: https://serverest.dev/produtos/A123</status>
</test>
<status status="FAIL" starttime="20230831 09:03:27.541" endtime="20230831 09:03:29.899"/>
</suite>
<statistics>
<total>
<stat pass="1" fail="1" skip="0">All Tests</stat>
</total>
<tag>
</tag>
<suite>
<stat pass="1" fail="1" skip="0" id="s1" name="produtosServeRest">produtosServeRest</stat>
</suite>
</statistics>
<errors>
</errors>
</robot>
