<?xml version="1.0" encoding="UTF-8"?>
<robot generator="Robot 6.1 (Python 3.8.2 on linux)" generated="20230829 18:19:21.571" rpa="false" schemaversion="4">
<suite id="s1" name="produtosServeRest" source="/home/henrique/workspace/robot_tests/produtosServeRest.robot">
<test id="s1-t1" name="Cenário 1: Pesquisar produto por id" line="39">
<kw name="DADO que o usuário inicie a sessão na API do serverest">
<doc>Inicia a cessão na API do serverest</doc>
<kw name="Create Session" library="RequestsLibrary">
<arg>alias=serveRest</arg>
<arg>url=${BASE_URL}</arg>
<arg>headers=${HEADERS}</arg>
<doc>Create Session: create a HTTP session to a server</doc>
<msg timestamp="20230829 18:19:22.323" level="INFO">Creating Session using : alias=serveRest, url=https://serverest.dev, headers=Create a Dictionary Content-Type=application/json,                     cookies={}, auth=None, timeout=None, proxies=None, verify=False,                     debug=0 </msg>
<msg timestamp="20230829 18:19:22.324" level="FAIL">ValueError: not enough values to unpack (expected 2, got 1)</msg>
<status status="FAIL" starttime="20230829 18:19:22.322" endtime="20230829 18:19:22.325"/>
</kw>
<status status="FAIL" starttime="20230829 18:19:22.321" endtime="20230829 18:19:22.325"/>
</kw>
<kw name="E realize o cadastro no sistema">
<status status="NOT RUN" starttime="20230829 18:19:22.325" endtime="20230829 18:19:22.325"/>
</kw>
<kw name="QUANDO o usuário realiza a requisição do produto ${_id}" sourcename="QUANDO o usuário realiza a requisição do produto ${_id}">
<doc>Realiza uma requisição informando o id do produto no path do endpoint</doc>
<status status="NOT RUN" starttime="20230829 18:19:22.326" endtime="20230829 18:19:22.326"/>
</kw>
<kw name="Então o status de resposta deve ser 200">
<doc>Verifica se o status de resposta é 200</doc>
<status status="NOT RUN" starttime="20230829 18:19:22.327" endtime="20230829 18:19:22.327"/>
</kw>
<status status="FAIL" starttime="20230829 18:19:22.320" endtime="20230829 18:19:22.328">ValueError: not enough values to unpack (expected 2, got 1)</status>
</test>
<status status="FAIL" starttime="20230829 18:19:21.573" endtime="20230829 18:19:22.329"/>
</suite>
<statistics>
<total>
<stat pass="0" fail="1" skip="0">All Tests</stat>
</total>
<tag>
</tag>
<suite>
<stat pass="0" fail="1" skip="0" id="s1" name="produtosServeRest">produtosServeRest</stat>
</suite>
</statistics>
<errors>
</errors>
</robot>
