<?xml version="1.0" encoding="UTF-8"?>
<robot generator="Robot 6.0 (Python 3.9.12 on linux)" generated="20230830 16:30:23.502" rpa="false" schemaversion="3">
<suite id="s1" name="produtosServeRest" source="/home/lasic/workspace/robot_tests/produtosServeRest.robot">
<test id="s1-t1" name="Cenário 1: Pesquisar produto por id" line="50">
<kw name="DADO que o usuário inicie a sessão na API do serverest">
<doc>Inicia a cessão na API do serverest</doc>
<kw name="Create Dictionary" library="BuiltIn">
<var>${HEADERS}</var>
<arg>Content-Type=application/json</arg>
<doc>Creates and returns a dictionary based on the given ``items``.</doc>
<msg timestamp="20230830 16:30:23.985" level="INFO">${HEADERS} = {'Content-Type': 'application/json'}</msg>
<status status="PASS" starttime="20230830 16:30:23.985" endtime="20230830 16:30:23.985"/>
</kw>
<kw name="Create Session" library="RequestsLibrary">
<arg>alias=serveRest</arg>
<arg>url=${BASE_URL}</arg>
<arg>headers=${HEADERS}</arg>
<arg>disable_warnings=1</arg>
<doc>Create Session: create a HTTP session to a server</doc>
<msg timestamp="20230830 16:30:23.986" level="INFO">Creating Session using : alias=serveRest, url=https://serverest.dev, headers={'Content-Type': 'application/json'},                     cookies={}, auth=None, timeout=None, proxies=None, verify=False,                     debug=0 </msg>
<status status="PASS" starttime="20230830 16:30:23.985" endtime="20230830 16:30:23.986"/>
</kw>
<status status="PASS" starttime="20230830 16:30:23.984" endtime="20230830 16:30:23.986"/>
</kw>
<kw name="E realize o cadastro no sistema">
<kw name="Criar dados do usuário">
<doc>Cria um dicionário com os dados do usuário</doc>
<kw name="First Name" library="FakerLibrary">
<var>${FIRT_NAME}</var>
<msg timestamp="20230830 16:30:23.987" level="INFO">${FIRT_NAME} = Rafaela</msg>
<status status="PASS" starttime="20230830 16:30:23.987" endtime="20230830 16:30:23.987"/>
</kw>
<kw name="Last Name" library="FakerLibrary">
<var>${LAST_NAME}</var>
<msg timestamp="20230830 16:30:23.987" level="INFO">${LAST_NAME} = da Luz</msg>
<status status="PASS" starttime="20230830 16:30:23.987" endtime="20230830 16:30:23.987"/>
</kw>
<kw name="Email" library="FakerLibrary">
<var>${EMAIL}</var>
<msg timestamp="20230830 16:30:23.988" level="INFO">${EMAIL} = ana-luiza82@example.org</msg>
<status status="PASS" starttime="20230830 16:30:23.987" endtime="20230830 16:30:23.988"/>
</kw>
<kw name="Password" library="FakerLibrary">
<var>${PASSWORD}</var>
<doc>Generate a random password of the specified ``length``.</doc>
<msg timestamp="20230830 16:30:23.988" level="INFO">${PASSWORD} = 6!45VNbP(k</msg>
<status status="PASS" starttime="20230830 16:30:23.988" endtime="20230830 16:30:23.988"/>
</kw>
<kw name="Create Dictionary" library="BuiltIn">
<var>${USUARIO}</var>
<arg>nome=${FIRT_NAME} ${LAST_NAME}</arg>
<arg>email=${EMAIL}</arg>
<arg>senha=${PASSWORD}</arg>
<doc>Creates and returns a dictionary based on the given ``items``.</doc>
<msg timestamp="20230830 16:30:23.989" level="INFO">${USUARIO} = {'nome': 'Rafaela da Luz', 'email': 'ana-luiza82@example.org', 'senha': '6!45VNbP(k'}</msg>
<status status="PASS" starttime="20230830 16:30:23.988" endtime="20230830 16:30:23.989"/>
</kw>
<kw name="Set Suite Variable" library="BuiltIn">
<arg>${USUARIO}</arg>
<doc>Makes a variable available everywhere within the scope of the current suite.</doc>
<msg timestamp="20230830 16:30:23.989" level="INFO">${USUARIO} = {'nome': 'Rafaela da Luz', 'email': 'ana-luiza82@example.org', 'senha': '6!45VNbP(k'}</msg>
<status status="PASS" starttime="20230830 16:30:23.989" endtime="20230830 16:30:23.989"/>
</kw>
<status status="PASS" starttime="20230830 16:30:23.987" endtime="20230830 16:30:23.989"/>
</kw>
<kw name="Create Dictionary" library="BuiltIn">
<var>${Body}</var>
<arg>nome=${USUARIO.nome}</arg>
<arg>email=${USUARIO.email}</arg>
<arg>password=${USUARIO.senha}</arg>
<arg>administrador=true</arg>
<doc>Creates and returns a dictionary based on the given ``items``.</doc>
<msg timestamp="20230830 16:30:23.991" level="INFO">${Body} = {'nome': 'Rafaela da Luz', 'email': 'ana-luiza82@example.org', 'password': '6!45VNbP(k', 'administrador': 'true'}</msg>
<status status="PASS" starttime="20230830 16:30:23.989" endtime="20230830 16:30:23.991"/>
</kw>
<kw name="POST On Session" library="RequestsLibrary">
<var>${RESPONSE}</var>
<arg>alias=serveRest</arg>
<arg>url=usuarios</arg>
<arg>json=${BODY}</arg>
<doc>Sends a POST request on a previously created HTTP Session.</doc>
<msg timestamp="20230830 16:30:24.427" level="INFO">POST Request : url=https://serverest.dev/usuarios 
 path_url=/usuarios 
 headers={'User-Agent': 'python-requests/2.28.1', 'Accept-Encoding': 'gzip, deflate, br', 'Accept': '*/*', 'Connection': 'keep-alive', 'Content-Type': 'application/json', 'Content-Length': '113'} 
 body=b'{"nome": "Rafaela da Luz", "email": "ana-luiza82@example.org", "password": "6!45VNbP(k", "administrador": "true"}' 
 </msg>
<msg timestamp="20230830 16:30:24.428" level="INFO">POST Response : url=https://serverest.dev/usuarios 
 status=201, reason=Created 
 headers={'access-control-allow-origin': '*', 'x-dns-prefetch-control': 'off', 'x-frame-options': 'SAMEORIGIN', 'strict-transport-security': 'max-age=15552000; includeSubDomains', 'x-download-options': 'noopen', 'x-content-type-options': 'nosniff', 'x-xss-protection': '1; mode=block', 'x-moesif-transaction-id': '8992262f-eb49-4d77-ac93-ab01def60b25', 'content-type': 'application/json; charset=utf-8', 'X-Cloud-Trace-Context': 'b7537c078039b97ad9bdcc2bce7c1bfb;o=1', 'Date': 'Wed, 30 Aug 2023 19:30:24 GMT', 'Server': 'Google Frontend', 'Content-Length': '82'} 
 body={
    "message": "Cadastro realizado com sucesso",
    "_id": "7muksRYb1W7X5MZJ"
} 
 </msg>
<msg timestamp="20230830 16:30:24.428" level="INFO">${RESPONSE} = &lt;Response [201]&gt;</msg>
<status status="PASS" starttime="20230830 16:30:23.991" endtime="20230830 16:30:24.428"/>
</kw>
<kw name="Log" library="BuiltIn">
<arg>Resposta Retornada: ${\n}${RESPONSE.text}</arg>
<doc>Logs the given message with the given level.</doc>
<msg timestamp="20230830 16:30:24.430" level="INFO">Resposta Retornada: 
{
    "message": "Cadastro realizado com sucesso",
    "_id": "7muksRYb1W7X5MZJ"
}</msg>
<status status="PASS" starttime="20230830 16:30:24.428" endtime="20230830 16:30:24.430"/>
</kw>
<status status="PASS" starttime="20230830 16:30:23.986" endtime="20230830 16:30:24.430"/>
</kw>
<kw name="QUANDO o usuário receber o Obter Token">
<kw name="Create Dictionary" library="BuiltIn">
<var>${BODY}</var>
<arg>email=${USUARIO.email}</arg>
<arg>password=${USUARIO.senha}</arg>
<doc>Creates and returns a dictionary based on the given ``items``.</doc>
<msg timestamp="20230830 16:30:24.433" level="INFO">${BODY} = {'email': 'ana-luiza82@example.org', 'password': '6!45VNbP(k'}</msg>
<status status="PASS" starttime="20230830 16:30:24.431" endtime="20230830 16:30:24.433"/>
</kw>
<kw name="POST On Session" library="RequestsLibrary">
<var>${RESPONSE}</var>
<arg>alias=serveRest</arg>
<arg>url=login</arg>
<arg>json=${BODY}</arg>
<doc>Sends a POST request on a previously created HTTP Session.</doc>
<msg timestamp="20230830 16:30:24.630" level="INFO">POST Request : url=https://serverest.dev/login 
 path_url=/login 
 headers={'User-Agent': 'python-requests/2.28.1', 'Accept-Encoding': 'gzip, deflate, br', 'Accept': '*/*', 'Connection': 'keep-alive', 'Content-Type': 'application/json', 'Content-Length': '62'} 
 body=b'{"email": "ana-luiza82@example.org", "password": "6!45VNbP(k"}' 
 </msg>
<msg timestamp="20230830 16:30:24.630" level="INFO">POST Response : url=https://serverest.dev/login 
 status=200, reason=OK 
 headers={'access-control-allow-origin': '*', 'x-dns-prefetch-control': 'off', 'x-frame-options': 'SAMEORIGIN', 'strict-transport-security': 'max-age=15552000; includeSubDomains', 'x-download-options': 'noopen', 'x-content-type-options': 'nosniff', 'x-xss-protection': '1; mode=block', 'x-moesif-transaction-id': '81f58c7d-8114-47b9-9730-c4ec5f3638d5', 'content-type': 'application/json; charset=utf-8', 'X-Cloud-Trace-Context': '8b4827769ff4860da945ead8de1e1ffe', 'Date': 'Wed, 30 Aug 2023 19:30:24 GMT', 'Server': 'Google Frontend', 'Content-Length': '285'} 
 body={
    "message": "Login realizado com sucesso",
    "authorization": "Bearer eyJhbGciOiJIUzI1NiIsInR5cCI6IkpXVCJ9.eyJlbWFpbCI6ImFuYS1sdWl6YTgyQGV4YW1wbGUub3JnIiwicGFzc3dvcmQiOiI2ITQ1Vk5iUChrIiwiaWF0IjoxNjkzNDIzODI0LCJleHAiOjE2OTM0MjQ0MjR9.LSkU9dNFtQH2p7WLx66d9mrIWc1m9forOI_ppFpUUeU"
} 
 </msg>
<msg timestamp="20230830 16:30:24.630" level="INFO">${RESPONSE} = &lt;Response [200]&gt;</msg>
<status status="PASS" starttime="20230830 16:30:24.433" endtime="20230830 16:30:24.630"/>
</kw>
<kw name="Log" library="BuiltIn">
<arg>Resposta Retornada: ${\n}${RESPONSE.text}</arg>
<doc>Logs the given message with the given level.</doc>
<msg timestamp="20230830 16:30:24.632" level="INFO">Resposta Retornada: 
{
    "message": "Login realizado com sucesso",
    "authorization": "Bearer eyJhbGciOiJIUzI1NiIsInR5cCI6IkpXVCJ9.eyJlbWFpbCI6ImFuYS1sdWl6YTgyQGV4YW1wbGUub3JnIiwicGFzc3dvcmQiOiI2ITQ1Vk5iUChrIiwiaWF0IjoxNjkzNDIzODI0LCJleHAiOjE2OTM0MjQ0MjR9.LSkU9dNFtQH2p7WLx66d9mrIWc1m9forOI_ppFpUUeU"
}</msg>
<status status="PASS" starttime="20230830 16:30:24.631" endtime="20230830 16:30:24.632"/>
</kw>
<kw name="Dictionary Should Contain Item" library="Collections">
<arg>${RESPONSE.json()}</arg>
<arg>message</arg>
<arg>Login realizado com sucesso</arg>
<doc>An item of ``key`` / ``value`` must be found in a ``dictionary``.</doc>
<status status="PASS" starttime="20230830 16:30:24.632" endtime="20230830 16:30:24.633"/>
</kw>
<kw name="Get From Dictionary" library="Collections">
<var>${TOKEN}</var>
<arg>${RESPONSE.json()}</arg>
<arg>authorization</arg>
<doc>Returns a value from the given ``dictionary`` based on the given ``key``.</doc>
<msg timestamp="20230830 16:30:24.634" level="INFO">${TOKEN} = Bearer eyJhbGciOiJIUzI1NiIsInR5cCI6IkpXVCJ9.eyJlbWFpbCI6ImFuYS1sdWl6YTgyQGV4YW1wbGUub3JnIiwicGFzc3dvcmQiOiI2ITQ1Vk5iUChrIiwiaWF0IjoxNjkzNDIzODI0LCJleHAiOjE2OTM0MjQ0MjR9.LSkU9dNFtQH2p7WLx66d9mrIWc1m9fo...</msg>
<status status="PASS" starttime="20230830 16:30:24.633" endtime="20230830 16:30:24.634"/>
</kw>
<kw name="Set Suite Variable" library="BuiltIn">
<arg>${TOKEN}</arg>
<doc>Makes a variable available everywhere within the scope of the current suite.</doc>
<msg timestamp="20230830 16:30:24.635" level="INFO">${TOKEN} = Bearer eyJhbGciOiJIUzI1NiIsInR5cCI6IkpXVCJ9.eyJlbWFpbCI6ImFuYS1sdWl6YTgyQGV4YW1wbGUub3JnIiwicGFzc3dvcmQiOiI2ITQ1Vk5iUChrIiwiaWF0IjoxNjkzNDIzODI0LCJleHAiOjE2OTM0MjQ0MjR9.LSkU9dNFtQH2p7WLx66d9mrIWc1m9fo...</msg>
<status status="PASS" starttime="20230830 16:30:24.634" endtime="20230830 16:30:24.635"/>
</kw>
<status status="PASS" starttime="20230830 16:30:24.430" endtime="20230830 16:30:24.635"/>
</kw>
<kw name="E realizar a requisição do produto ${_id}" sourcename="E realizar a requisição do produto ${_id}">
<doc>Realiza uma requisição informando o id do produto no path do endpoint</doc>
<kw name="GET On Session" library="RequestsLibrary">
<var>${RESPONSE}</var>
<arg>alias=serveRest</arg>
<arg>url=/produtos/${_id}</arg>
<doc>Sends a GET request on a previously created HTTP Session.</doc>
<msg timestamp="20230830 16:30:24.829" level="INFO">GET Request : url=https://serverest.dev/produtos/K6leHdftCeOJj8BJ 
 path_url=/produtos/K6leHdftCeOJj8BJ 
 headers={'User-Agent': 'python-requests/2.28.1', 'Accept-Encoding': 'gzip, deflate, br', 'Accept': '*/*', 'Connection': 'keep-alive', 'Content-Type': 'application/json'} 
 body=None 
 </msg>
<msg timestamp="20230830 16:30:24.830" level="INFO">GET Response : url=https://serverest.dev/produtos/K6leHdftCeOJj8BJ 
 status=200, reason=OK 
 headers={'access-control-allow-origin': '*', 'x-dns-prefetch-control': 'off', 'x-frame-options': 'SAMEORIGIN', 'strict-transport-security': 'max-age=15552000; includeSubDomains', 'x-download-options': 'noopen', 'x-content-type-options': 'nosniff', 'x-xss-protection': '1; mode=block', 'x-moesif-transaction-id': '1b05b5b7-9a5a-42b8-aafd-a648f9740a2d', 'content-type': 'application/json; charset=utf-8', 'X-Cloud-Trace-Context': '68681cf3ec92eabadbbb9afaba40f21f', 'Date': 'Wed, 30 Aug 2023 19:30:24 GMT', 'Server': 'Google Frontend', 'Content-Length': '136'} 
 body={
    "nome": "Samsung 60 polegadas",
    "preco": 5240,
    "descricao": "TV",
    "quantidade": 49977,
    "_id": "K6leHdftCeOJj8BJ"
} 
 </msg>
<msg timestamp="20230830 16:30:24.830" level="INFO">${RESPONSE} = &lt;Response [200]&gt;</msg>
<status status="PASS" starttime="20230830 16:30:24.635" endtime="20230830 16:30:24.830"/>
</kw>
<status status="PASS" starttime="20230830 16:30:24.635" endtime="20230830 16:30:24.830"/>
</kw>
<kw name="Então o sistema deve retornar um json com o produto relacionado ao id pesquisado">
<doc>Verifica se o status de resposta é 200</doc>
<kw name="Create Dictionary" library="BuiltIn">
<var>${HEADERS}</var>
<arg>Authorization=${TOKEN}</arg>
<doc>Creates and returns a dictionary based on the given ``items``.</doc>
<msg timestamp="20230830 16:30:24.832" level="INFO">${HEADERS} = {'Authorization': 'Bearer eyJhbGciOiJIUzI1NiIsInR5cCI6IkpXVCJ9.eyJlbWFpbCI6ImFuYS1sdWl6YTgyQGV4YW1wbGUub3JnIiwicGFzc3dvcmQiOiI2ITQ1Vk5iUChrIiwiaWF0IjoxNjkzNDIzODI0LCJleHAiOjE2OTM0MjQ0MjR9.LSkU9dNFtQH2...</msg>
<status status="PASS" starttime="20230830 16:30:24.831" endtime="20230830 16:30:24.832"/>
</kw>
<kw name="GET On Session" library="RequestsLibrary">
<var>${RESPONSE}</var>
<arg>alias=serveRest</arg>
<arg>url=produtos/${_id}</arg>
<arg>headers=${HEADERS}</arg>
<doc>Sends a GET request on a previously created HTTP Session.</doc>
<msg timestamp="20230830 16:30:25.030" level="INFO">GET Request : url=https://serverest.dev/produtos/K6leHdftCeOJj8BJ 
 path_url=/produtos/K6leHdftCeOJj8BJ 
 headers={'User-Agent': 'python-requests/2.28.1', 'Accept-Encoding': 'gzip, deflate, br', 'Accept': '*/*', 'Connection': 'keep-alive', 'Content-Type': 'application/json', 'Authorization': 'Bearer eyJhbGciOiJIUzI1NiIsInR5cCI6IkpXVCJ9.eyJlbWFpbCI6ImFuYS1sdWl6YTgyQGV4YW1wbGUub3JnIiwicGFzc3dvcmQiOiI2ITQ1Vk5iUChrIiwiaWF0IjoxNjkzNDIzODI0LCJleHAiOjE2OTM0MjQ0MjR9.LSkU9dNFtQH2p7WLx66d9mrIWc1m9forOI_ppFpUUeU'} 
 body=None 
 </msg>
<msg timestamp="20230830 16:30:25.031" level="INFO">GET Response : url=https://serverest.dev/produtos/K6leHdftCeOJj8BJ 
 status=200, reason=OK 
 headers={'access-control-allow-origin': '*', 'x-dns-prefetch-control': 'off', 'x-frame-options': 'SAMEORIGIN', 'strict-transport-security': 'max-age=15552000; includeSubDomains', 'x-download-options': 'noopen', 'x-content-type-options': 'nosniff', 'x-xss-protection': '1; mode=block', 'x-moesif-transaction-id': 'eb88b82b-d22b-4d78-b92b-d60c85bee565', 'content-type': 'application/json; charset=utf-8', 'X-Cloud-Trace-Context': 'fb575fef665ffa26dff19d0eb9c512ba', 'Date': 'Wed, 30 Aug 2023 19:30:24 GMT', 'Server': 'Google Frontend', 'Content-Length': '136'} 
 body={
    "nome": "Samsung 60 polegadas",
    "preco": 5240,
    "descricao": "TV",
    "quantidade": 49977,
    "_id": "K6leHdftCeOJj8BJ"
} 
 </msg>
<msg timestamp="20230830 16:30:25.031" level="INFO">${RESPONSE} = &lt;Response [200]&gt;</msg>
<status status="PASS" starttime="20230830 16:30:24.832" endtime="20230830 16:30:25.031"/>
</kw>
<kw name="Log" library="BuiltIn">
<arg>Resposta Retornada: ${\n}${RESPONSE.text}</arg>
<doc>Logs the given message with the given level.</doc>
<msg timestamp="20230830 16:30:25.033" level="INFO">Resposta Retornada: 
{
    "nome": "Samsung 60 polegadas",
    "preco": 5240,
    "descricao": "TV",
    "quantidade": 49977,
    "_id": "K6leHdftCeOJj8BJ"
}</msg>
<status status="PASS" starttime="20230830 16:30:25.031" endtime="20230830 16:30:25.033"/>
</kw>
<kw name="Dictionary Should Contain Item" library="Collections">
<arg>${RESPONSE.json()}</arg>
<arg>nome</arg>
<arg>Samsung 60 polegadas</arg>
<doc>An item of ``key`` / ``value`` must be found in a ``dictionary``.</doc>
<status status="PASS" starttime="20230830 16:30:25.033" endtime="20230830 16:30:25.034"/>
</kw>
<kw name="Delete All Sessions" library="RequestsLibrary">
<doc>Removes all the session objects</doc>
<msg timestamp="20230830 16:30:25.035" level="INFO">Deleting All Sessions</msg>
<status status="PASS" starttime="20230830 16:30:25.034" endtime="20230830 16:30:25.035"/>
</kw>
<status status="PASS" starttime="20230830 16:30:24.830" endtime="20230830 16:30:25.035"/>
</kw>
<status status="PASS" starttime="20230830 16:30:23.984" endtime="20230830 16:30:25.035"/>
</test>
<status status="PASS" starttime="20230830 16:30:23.503" endtime="20230830 16:30:25.037"/>
</suite>
<statistics>
<total>
<stat pass="1" fail="0" skip="0">All Tests</stat>
</total>
<tag>
</tag>
<suite>
<stat pass="1" fail="0" skip="0" id="s1" name="produtosServeRest">produtosServeRest</stat>
</suite>
</statistics>
<errors>
</errors>
</robot>
