<?xml version="1.0" encoding="UTF-8"?>
<robot generator="Robot 6.1.1 (Python 3.10.12 on linux)" generated="20230830 15:31:59.866" rpa="false" schemaversion="4">
<suite id="s1" name="produtosServeRest" source="/home/informatica/workspace/robot_tests/produtosServeRest.robot">
<test id="s1-t1" name="Cenário 1: Pesquisar produto por id" line="50">
<kw name="DADO que o usuário inicie a sessão na API do serverest">
<doc>Inicia a cessão na API do serverest</doc>
<kw name="Create Dictionary" library="BuiltIn">
<var>${HEADERS}</var>
<arg>Content-Type=application/json</arg>
<doc>Creates and returns a dictionary based on the given ``items``.</doc>
<msg timestamp="20230830 15:32:00.102" level="INFO">${HEADERS} = {'Content-Type': 'application/json'}</msg>
<status status="PASS" starttime="20230830 15:32:00.102" endtime="20230830 15:32:00.102"/>
</kw>
<kw name="Create Session" library="RequestsLibrary">
<arg>alias=serveRest</arg>
<arg>url=${BASE_URL}</arg>
<arg>headers=${HEADERS}</arg>
<arg>disable_warnings=1</arg>
<doc>Create Session: create a HTTP session to a server</doc>
<msg timestamp="20230830 15:32:00.103" level="INFO">Creating Session using : alias=serveRest, url=https://serverest.dev, headers={'Content-Type': 'application/json'},                     cookies={}, auth=None, timeout=None, proxies=None, verify=False,                     debug=0 </msg>
<status status="PASS" starttime="20230830 15:32:00.102" endtime="20230830 15:32:00.103"/>
</kw>
<status status="PASS" starttime="20230830 15:32:00.101" endtime="20230830 15:32:00.103"/>
</kw>
<kw name="E realize o cadastro no sistema">
<kw name="Criar dados do usuário">
<doc>Cria um dicionário com os dados do usuário</doc>
<kw name="First Name" library="FakerLibrary">
<var>${FIRT_NAME}</var>
<msg timestamp="20230830 15:32:00.104" level="INFO">${FIRT_NAME} = Sophia</msg>
<status status="PASS" starttime="20230830 15:32:00.104" endtime="20230830 15:32:00.104"/>
</kw>
<kw name="Last Name" library="FakerLibrary">
<var>${LAST_NAME}</var>
<msg timestamp="20230830 15:32:00.104" level="INFO">${LAST_NAME} = Alves</msg>
<status status="PASS" starttime="20230830 15:32:00.104" endtime="20230830 15:32:00.104"/>
</kw>
<kw name="Email" library="FakerLibrary">
<var>${EMAIL}</var>
<msg timestamp="20230830 15:32:00.104" level="INFO">${EMAIL} = larasilva@example.net</msg>
<status status="PASS" starttime="20230830 15:32:00.104" endtime="20230830 15:32:00.104"/>
</kw>
<kw name="Password" library="FakerLibrary">
<var>${PASSWORD}</var>
<doc>Generate a random password of the specified ``length``.</doc>
<msg timestamp="20230830 15:32:00.105" level="INFO">${PASSWORD} = Fl^6^PeilA</msg>
<status status="PASS" starttime="20230830 15:32:00.105" endtime="20230830 15:32:00.105"/>
</kw>
<kw name="Create Dictionary" library="BuiltIn">
<var>${USUARIO}</var>
<arg>nome=${FIRT_NAME} ${LAST_NAME}</arg>
<arg>email=${EMAIL}</arg>
<arg>senha=${PASSWORD}</arg>
<doc>Creates and returns a dictionary based on the given ``items``.</doc>
<msg timestamp="20230830 15:32:00.105" level="INFO">${USUARIO} = {'nome': 'Sophia Alves', 'email': 'larasilva@example.net', 'senha': 'Fl^6^PeilA'}</msg>
<status status="PASS" starttime="20230830 15:32:00.105" endtime="20230830 15:32:00.105"/>
</kw>
<kw name="Set Suite Variable" library="BuiltIn">
<arg>${USUARIO}</arg>
<doc>Makes a variable available everywhere within the scope of the current suite.</doc>
<msg timestamp="20230830 15:32:00.106" level="INFO">${USUARIO} = {'nome': 'Sophia Alves', 'email': 'larasilva@example.net', 'senha': 'Fl^6^PeilA'}</msg>
<status status="PASS" starttime="20230830 15:32:00.105" endtime="20230830 15:32:00.106"/>
</kw>
<status status="PASS" starttime="20230830 15:32:00.103" endtime="20230830 15:32:00.106"/>
</kw>
<kw name="Create Dictionary" library="BuiltIn">
<var>${Body}</var>
<arg>nome=${USUARIO.nome}</arg>
<arg>email=${USUARIO.email}</arg>
<arg>password=${USUARIO.senha}</arg>
<arg>administrador=true</arg>
<doc>Creates and returns a dictionary based on the given ``items``.</doc>
<msg timestamp="20230830 15:32:00.107" level="INFO">${Body} = {'nome': 'Sophia Alves', 'email': 'larasilva@example.net', 'password': 'Fl^6^PeilA', 'administrador': 'true'}</msg>
<status status="PASS" starttime="20230830 15:32:00.106" endtime="20230830 15:32:00.107"/>
</kw>
<kw name="POST On Session" library="RequestsLibrary">
<var>${RESPONSE}</var>
<arg>alias=serveRest</arg>
<arg>url=usuarios</arg>
<arg>json=${BODY}</arg>
<doc>Sends a POST request on a previously created HTTP Session.</doc>
<msg timestamp="20230830 15:32:00.542" level="INFO">POST Request : url=https://serverest.dev/usuarios 
 path_url=/usuarios 
 headers={'User-Agent': 'python-requests/2.25.1', 'Accept-Encoding': 'gzip, deflate', 'Accept': '*/*', 'Connection': 'keep-alive', 'Content-Type': 'application/json', 'Content-Length': '109'} 
 body=b'{"nome": "Sophia Alves", "email": "larasilva@example.net", "password": "Fl^6^PeilA", "administrador": "true"}' 
 </msg>
<msg timestamp="20230830 15:32:00.542" level="INFO">POST Response : url=https://serverest.dev/usuarios 
 status=201, reason=Created 
 headers={'access-control-allow-origin': '*', 'x-dns-prefetch-control': 'off', 'x-frame-options': 'SAMEORIGIN', 'strict-transport-security': 'max-age=15552000; includeSubDomains', 'x-download-options': 'noopen', 'x-content-type-options': 'nosniff', 'x-xss-protection': '1; mode=block', 'x-moesif-transaction-id': '7f18683a-7ff7-49d2-a66d-9e28ebc104ad', 'content-type': 'application/json; charset=utf-8', 'X-Cloud-Trace-Context': '0836b6da8518274da5d1e558657046a5;o=1', 'Date': 'Wed, 30 Aug 2023 18:32:00 GMT', 'Server': 'Google Frontend', 'Content-Length': '82'} 
 body={
    "message": "Cadastro realizado com sucesso",
    "_id": "VOi2Dn25yufKqa29"
} 
 </msg>
<msg timestamp="20230830 15:32:00.542" level="INFO">${RESPONSE} = &lt;Response [201]&gt;</msg>
<status status="PASS" starttime="20230830 15:32:00.107" endtime="20230830 15:32:00.542"/>
</kw>
<kw name="Log" library="BuiltIn">
<arg>Resposta Retornada: ${\n}${RESPONSE.text}</arg>
<doc>Logs the given message with the given level.</doc>
<msg timestamp="20230830 15:32:00.543" level="INFO">Resposta Retornada: 
{
    "message": "Cadastro realizado com sucesso",
    "_id": "VOi2Dn25yufKqa29"
}</msg>
<status status="PASS" starttime="20230830 15:32:00.542" endtime="20230830 15:32:00.543"/>
</kw>
<status status="PASS" starttime="20230830 15:32:00.103" endtime="20230830 15:32:00.543"/>
</kw>
<kw name="QUANDO o usuário receber o Obter Token">
<kw name="Create Dictionary" library="BuiltIn">
<var>${BODY}</var>
<arg>email=${USUARIO.email}</arg>
<arg>password=${USUARIO.senha}</arg>
<doc>Creates and returns a dictionary based on the given ``items``.</doc>
<msg timestamp="20230830 15:32:00.544" level="INFO">${BODY} = {'email': 'larasilva@example.net', 'password': 'Fl^6^PeilA'}</msg>
<status status="PASS" starttime="20230830 15:32:00.543" endtime="20230830 15:32:00.544"/>
</kw>
<kw name="POST On Session" library="RequestsLibrary">
<var>${RESPONSE}</var>
<arg>alias=serveRest</arg>
<arg>url=login</arg>
<arg>json=${BODY}</arg>
<doc>Sends a POST request on a previously created HTTP Session.</doc>
<msg timestamp="20230830 15:32:00.739" level="INFO">POST Request : url=https://serverest.dev/login 
 path_url=/login 
 headers={'User-Agent': 'python-requests/2.25.1', 'Accept-Encoding': 'gzip, deflate', 'Accept': '*/*', 'Connection': 'keep-alive', 'Content-Type': 'application/json', 'Content-Length': '60'} 
 body=b'{"email": "larasilva@example.net", "password": "Fl^6^PeilA"}' 
 </msg>
<msg timestamp="20230830 15:32:00.740" level="INFO">POST Response : url=https://serverest.dev/login 
 status=200, reason=OK 
 headers={'access-control-allow-origin': '*', 'x-dns-prefetch-control': 'off', 'x-frame-options': 'SAMEORIGIN', 'strict-transport-security': 'max-age=15552000; includeSubDomains', 'x-download-options': 'noopen', 'x-content-type-options': 'nosniff', 'x-xss-protection': '1; mode=block', 'x-moesif-transaction-id': 'b798eb4e-ff9c-4f59-b477-bcffa576a8eb', 'content-type': 'application/json; charset=utf-8', 'X-Cloud-Trace-Context': '0e750ed506a817bf2bb3cad1d68a4755', 'Date': 'Wed, 30 Aug 2023 18:32:00 GMT', 'Server': 'Google Frontend', 'Content-Length': '283'} 
 body={
    "message": "Login realizado com sucesso",
    "authorization": "Bearer eyJhbGciOiJIUzI1NiIsInR5cCI6IkpXVCJ9.eyJlbWFpbCI6ImxhcmFzaWx2YUBleGFtcGxlLm5ldCIsInBhc3N3b3JkIjoiRmxeNl5QZWlsQSIsImlhdCI6MTY5MzQyMDMyMCwiZXhwIjoxNjkzNDIwOTIwfQ.zq5kvdeGqzt4qeWWW24temQqr2XoZjf-QlPTlqUc8fw"
} 
 </msg>
<msg timestamp="20230830 15:32:00.740" level="INFO">${RESPONSE} = &lt;Response [200]&gt;</msg>
<status status="PASS" starttime="20230830 15:32:00.544" endtime="20230830 15:32:00.740"/>
</kw>
<kw name="Log" library="BuiltIn">
<arg>Resposta Retornada: ${\n}${RESPONSE.text}</arg>
<doc>Logs the given message with the given level.</doc>
<msg timestamp="20230830 15:32:00.740" level="INFO">Resposta Retornada: 
{
    "message": "Login realizado com sucesso",
    "authorization": "Bearer eyJhbGciOiJIUzI1NiIsInR5cCI6IkpXVCJ9.eyJlbWFpbCI6ImxhcmFzaWx2YUBleGFtcGxlLm5ldCIsInBhc3N3b3JkIjoiRmxeNl5QZWlsQSIsImlhdCI6MTY5MzQyMDMyMCwiZXhwIjoxNjkzNDIwOTIwfQ.zq5kvdeGqzt4qeWWW24temQqr2XoZjf-QlPTlqUc8fw"
}</msg>
<status status="PASS" starttime="20230830 15:32:00.740" endtime="20230830 15:32:00.741"/>
</kw>
<kw name="Dictionary Should Contain Item" library="Collections">
<arg>${RESPONSE.json()}</arg>
<arg>message</arg>
<arg>Login realizado com sucesso</arg>
<doc>An item of ``key`` / ``value`` must be found in a ``dictionary``.</doc>
<status status="PASS" starttime="20230830 15:32:00.741" endtime="20230830 15:32:00.741"/>
</kw>
<kw name="Get From Dictionary" library="Collections">
<var>${TOKEN}</var>
<arg>${RESPONSE.json()}</arg>
<arg>authorization</arg>
<doc>Returns a value from the given ``dictionary`` based on the given ``key``.</doc>
<msg timestamp="20230830 15:32:00.742" level="INFO">${TOKEN} = Bearer eyJhbGciOiJIUzI1NiIsInR5cCI6IkpXVCJ9.eyJlbWFpbCI6ImxhcmFzaWx2YUBleGFtcGxlLm5ldCIsInBhc3N3b3JkIjoiRmxeNl5QZWlsQSIsImlhdCI6MTY5MzQyMDMyMCwiZXhwIjoxNjkzNDIwOTIwfQ.zq5kvdeGqzt4qeWWW24temQqr2XoZjf-Q...</msg>
<status status="PASS" starttime="20230830 15:32:00.741" endtime="20230830 15:32:00.742"/>
</kw>
<kw name="Set Suite Variable" library="BuiltIn">
<arg>${TOKEN}</arg>
<doc>Makes a variable available everywhere within the scope of the current suite.</doc>
<msg timestamp="20230830 15:32:00.742" level="INFO">${TOKEN} = Bearer eyJhbGciOiJIUzI1NiIsInR5cCI6IkpXVCJ9.eyJlbWFpbCI6ImxhcmFzaWx2YUBleGFtcGxlLm5ldCIsInBhc3N3b3JkIjoiRmxeNl5QZWlsQSIsImlhdCI6MTY5MzQyMDMyMCwiZXhwIjoxNjkzNDIwOTIwfQ.zq5kvdeGqzt4qeWWW24temQqr2XoZjf-Q...</msg>
<status status="PASS" starttime="20230830 15:32:00.742" endtime="20230830 15:32:00.742"/>
</kw>
<status status="PASS" starttime="20230830 15:32:00.543" endtime="20230830 15:32:00.742"/>
</kw>
<kw name="E realizar a requisição do produto ${_id}" sourcename="E realizar a requisição do produto ${_id}">
<doc>Realiza uma requisição informando o id do produto no path do endpoint</doc>
<kw name="GET On Session" library="RequestsLibrary">
<var>${RESPONSE}</var>
<arg>alias=serveRest</arg>
<arg>url=/produtos/${_id}</arg>
<doc>Sends a GET request on a previously created HTTP Session.</doc>
<msg timestamp="20230830 15:32:00.938" level="INFO">GET Request : url=https://serverest.dev/produtos/K6leHdftCeOJj8BJ 
 path_url=/produtos/K6leHdftCeOJj8BJ 
 headers={'User-Agent': 'python-requests/2.25.1', 'Accept-Encoding': 'gzip, deflate', 'Accept': '*/*', 'Connection': 'keep-alive', 'Content-Type': 'application/json'} 
 body=None 
 </msg>
<msg timestamp="20230830 15:32:00.938" level="INFO">GET Response : url=https://serverest.dev/produtos/K6leHdftCeOJj8BJ 
 status=200, reason=OK 
 headers={'access-control-allow-origin': '*', 'x-dns-prefetch-control': 'off', 'x-frame-options': 'SAMEORIGIN', 'strict-transport-security': 'max-age=15552000; includeSubDomains', 'x-download-options': 'noopen', 'x-content-type-options': 'nosniff', 'x-xss-protection': '1; mode=block', 'x-moesif-transaction-id': '67cdef7d-cda4-4927-abd3-c4def1de0ac6', 'content-type': 'application/json; charset=utf-8', 'X-Cloud-Trace-Context': '630868233876123933cea8722f54ce78', 'Date': 'Wed, 30 Aug 2023 18:32:00 GMT', 'Server': 'Google Frontend', 'Content-Length': '136'} 
 body={
    "nome": "Samsung 60 polegadas",
    "preco": 5240,
    "descricao": "TV",
    "quantidade": 49977,
    "_id": "K6leHdftCeOJj8BJ"
} 
 </msg>
<msg timestamp="20230830 15:32:00.939" level="INFO">${RESPONSE} = &lt;Response [200]&gt;</msg>
<status status="PASS" starttime="20230830 15:32:00.742" endtime="20230830 15:32:00.939"/>
</kw>
<status status="PASS" starttime="20230830 15:32:00.742" endtime="20230830 15:32:00.939"/>
</kw>
<kw name="Então o status de resposta deve ser 200">
<doc>Verifica se o status de resposta é 200</doc>
<kw name="Create Dictionary" library="BuiltIn">
<var>${HEADERS}</var>
<arg>Authorization=${TOKEN}</arg>
<doc>Creates and returns a dictionary based on the given ``items``.</doc>
<msg timestamp="20230830 15:32:00.940" level="INFO">${HEADERS} = {'Authorization': 'Bearer eyJhbGciOiJIUzI1NiIsInR5cCI6IkpXVCJ9.eyJlbWFpbCI6ImxhcmFzaWx2YUBleGFtcGxlLm5ldCIsInBhc3N3b3JkIjoiRmxeNl5QZWlsQSIsImlhdCI6MTY5MzQyMDMyMCwiZXhwIjoxNjkzNDIwOTIwfQ.zq5kvdeGqzt4qe...</msg>
<status status="PASS" starttime="20230830 15:32:00.940" endtime="20230830 15:32:00.940"/>
</kw>
<kw name="GET On Session" library="RequestsLibrary">
<var>${RESPONSE}</var>
<arg>alias=serveRest</arg>
<arg>url=produtos/${_id}</arg>
<arg>headers=${HEADERS}</arg>
<doc>Sends a GET request on a previously created HTTP Session.</doc>
<msg timestamp="20230830 15:32:01.139" level="INFO">GET Request : url=https://serverest.dev/produtos/K6leHdftCeOJj8BJ 
 path_url=/produtos/K6leHdftCeOJj8BJ 
 headers={'User-Agent': 'python-requests/2.25.1', 'Accept-Encoding': 'gzip, deflate', 'Accept': '*/*', 'Connection': 'keep-alive', 'Content-Type': 'application/json', 'Authorization': 'Bearer eyJhbGciOiJIUzI1NiIsInR5cCI6IkpXVCJ9.eyJlbWFpbCI6ImxhcmFzaWx2YUBleGFtcGxlLm5ldCIsInBhc3N3b3JkIjoiRmxeNl5QZWlsQSIsImlhdCI6MTY5MzQyMDMyMCwiZXhwIjoxNjkzNDIwOTIwfQ.zq5kvdeGqzt4qeWWW24temQqr2XoZjf-QlPTlqUc8fw'} 
 body=None 
 </msg>
<msg timestamp="20230830 15:32:01.139" level="INFO">GET Response : url=https://serverest.dev/produtos/K6leHdftCeOJj8BJ 
 status=200, reason=OK 
 headers={'access-control-allow-origin': '*', 'x-dns-prefetch-control': 'off', 'x-frame-options': 'SAMEORIGIN', 'strict-transport-security': 'max-age=15552000; includeSubDomains', 'x-download-options': 'noopen', 'x-content-type-options': 'nosniff', 'x-xss-protection': '1; mode=block', 'x-moesif-transaction-id': '56db3fd7-2e96-48cb-8f60-11f2c8d67ff6', 'content-type': 'application/json; charset=utf-8', 'X-Cloud-Trace-Context': 'b402dfe9575582ca92683b028b40fdf4', 'Date': 'Wed, 30 Aug 2023 18:32:01 GMT', 'Server': 'Google Frontend', 'Content-Length': '136'} 
 body={
    "nome": "Samsung 60 polegadas",
    "preco": 5240,
    "descricao": "TV",
    "quantidade": 49977,
    "_id": "K6leHdftCeOJj8BJ"
} 
 </msg>
<msg timestamp="20230830 15:32:01.140" level="INFO">${RESPONSE} = &lt;Response [200]&gt;</msg>
<status status="PASS" starttime="20230830 15:32:00.940" endtime="20230830 15:32:01.140"/>
</kw>
<kw name="Log" library="BuiltIn">
<arg>Resposta Retornada: ${\n}${RESPONSE.text}</arg>
<doc>Logs the given message with the given level.</doc>
<msg timestamp="20230830 15:32:01.141" level="INFO">Resposta Retornada: 
{
    "nome": "Samsung 60 polegadas",
    "preco": 5240,
    "descricao": "TV",
    "quantidade": 49977,
    "_id": "K6leHdftCeOJj8BJ"
}</msg>
<status status="PASS" starttime="20230830 15:32:01.140" endtime="20230830 15:32:01.141"/>
</kw>
<kw name="Should Be Equal As Strings" library="BuiltIn">
<arg>200</arg>
<arg>200</arg>
<doc>Fails if objects are unequal after converting them to strings.</doc>
<status status="PASS" starttime="20230830 15:32:01.141" endtime="20230830 15:32:01.142"/>
</kw>
<kw name="Delete All Sessions" library="RequestsLibrary">
<doc>Removes all the session objects</doc>
<msg timestamp="20230830 15:32:01.142" level="INFO">Deleting All Sessions</msg>
<status status="PASS" starttime="20230830 15:32:01.142" endtime="20230830 15:32:01.143"/>
</kw>
<status status="PASS" starttime="20230830 15:32:00.939" endtime="20230830 15:32:01.143"/>
</kw>
<status status="PASS" starttime="20230830 15:32:00.101" endtime="20230830 15:32:01.143"/>
</test>
<status status="PASS" starttime="20230830 15:31:59.867" endtime="20230830 15:32:01.144"/>
</suite>
<statistics>
<total>
<stat pass="1" fail="0" skip="0">All Tests</stat>
</total>
<tag>
</tag>
<suite>
<stat pass="1" fail="0" skip="0" id="s1" name="produtosServeRest">produtosServeRest</stat>
</suite>
</statistics>
<errors>
</errors>
</robot>
