<?xml version="1.0" encoding="UTF-8"?>
<robot generator="Robot 6.1 (Python 3.8.2 on linux)" generated="20230727 14:17:54.939" rpa="false" schemaversion="4">
<suite id="s1" name="Amazon Pesquisa" source="/home/henrique/workspace/robot_tests/amazon_pesquisa.robot">
<test id="s1-t1" name="Cenário 1: Pesquisar produto" line="20">
<kw name="DADO que o usuário acesse o site">
<kw name="Open Browser" library="SeleniumLibrary">
<arg>https://www.amazon.com.br/</arg>
<arg>chrome</arg>
<doc>Opens a new browser instance to the optional ``url``.</doc>
<msg timestamp="20230727 14:17:55.574" level="INFO">Opening browser 'chrome' to base url 'https://www.amazon.com.br/'.</msg>
<status status="PASS" starttime="20230727 14:17:55.573" endtime="20230727 14:18:04.020"/>
</kw>
<status status="PASS" starttime="20230727 14:17:55.572" endtime="20230727 14:18:04.020"/>
</kw>
<kw name="QUANDO ele escrever o nome do produto no campo de pesquisa">
<kw name="Input Text" library="SeleniumLibrary">
<arg>${input_pesquisa}</arg>
<arg>bola</arg>
<doc>Types the given ``text`` into the text field identified by ``locator``.</doc>
<msg timestamp="20230727 14:18:04.027" level="INFO">Typing text 'bola' into text field 'id:twotabsearchtextbox'.</msg>
<status status="PASS" starttime="20230727 14:18:04.024" endtime="20230727 14:18:04.353"/>
</kw>
<status status="PASS" starttime="20230727 14:18:04.022" endtime="20230727 14:18:04.354"/>
</kw>
<kw name="E clicar no ícone da lupa">
<kw name="Click Element" library="SeleniumLibrary">
<arg>${botao_lupa}</arg>
<doc>Click the element identified by ``locator``.</doc>
<msg timestamp="20230727 14:18:04.360" level="INFO">Clicking element 'id:nav-search-submit-button'.</msg>
<status status="PASS" starttime="20230727 14:18:04.358" endtime="20230727 14:18:06.706"/>
</kw>
<status status="PASS" starttime="20230727 14:18:04.356" endtime="20230727 14:18:06.706"/>
</kw>
<kw name="ENTÃO o sistema deve apresentar os itens correspondentes à pesquisa">
<kw name="Sleep" library="BuiltIn">
<arg>5s</arg>
<doc>Pauses the test executed for the given time.</doc>
<msg timestamp="20230727 14:18:11.710" level="INFO">Slept 5 seconds</msg>
<status status="PASS" starttime="20230727 14:18:06.708" endtime="20230727 14:18:11.710"/>
</kw>
<kw name="Close Browser" library="SeleniumLibrary">
<doc>Closes the current browser.</doc>
<status status="PASS" starttime="20230727 14:18:11.711" endtime="20230727 14:18:11.816"/>
</kw>
<status status="PASS" starttime="20230727 14:18:06.707" endtime="20230727 14:18:11.816"/>
</kw>
<status status="PASS" starttime="20230727 14:17:55.570" endtime="20230727 14:18:11.816"/>
</test>
<status status="PASS" starttime="20230727 14:17:54.941" endtime="20230727 14:18:11.818"/>
</suite>
<statistics>
<total>
<stat pass="1" fail="0" skip="0">All Tests</stat>
</total>
<tag>
</tag>
<suite>
<stat pass="1" fail="0" skip="0" id="s1" name="Amazon Pesquisa">Amazon Pesquisa</stat>
</suite>
</statistics>
<errors>
</errors>
</robot>
