<?xml version="1.0" encoding="UTF-8"?>
<robot generator="Robot 6.0 (Python 3.9.12 on linux)" generated="20230828 09:46:32.318" rpa="false" schemaversion="3">
<suite id="s1" name="produtosServeRest" source="/home/lasic/workspace/robot_tests/produtosServeRest.robot">
<test id="s1-t1" name="Cenário 1: Pesquisar produto por id" line="25">
<kw name="DADO que o endpoint da API está disponivel">
<doc>Verifique se a API está disponível</doc>
<kw name="Create Session" library="RequestsLibrary">
<arg>alias=serveRest</arg>
<arg>url=${BASE_URL}</arg>
<doc>Create Session: create a HTTP session to a server</doc>
<msg timestamp="20230828 09:46:32.406" level="INFO">Creating Session using : alias=serveRest, url=https://serverest.dev, headers={},                     cookies={}, auth=None, timeout=None, proxies=None, verify=False,                     debug=0 </msg>
<status status="PASS" starttime="20230828 09:46:32.405" endtime="20230828 09:46:32.406"/>
</kw>
<status status="PASS" starttime="20230828 09:46:32.405" endtime="20230828 09:46:32.406"/>
</kw>
<kw name="QUANDO o usuário realiza a requisição do produto ${_id}" sourcename="QUANDO o usuário realiza a requisição do produto ${_id}">
<doc>Realiza uma requisição informando o id do produto no path do endpoint</doc>
<kw name="GET On Session" library="RequestsLibrary">
<var>${RESPONSE}</var>
<arg>alias=serveRest</arg>
<arg>url=/produtos/${_id}</arg>
<doc>Sends a GET request on a previously created HTTP Session.</doc>
<msg timestamp="20230828 09:46:32.836" level="INFO">GET Request : url=https://serverest.dev/produtos/K6leHdftCeOJj8BJ 
 path_url=/produtos/K6leHdftCeOJj8BJ 
 headers={'User-Agent': 'python-requests/2.28.1', 'Accept-Encoding': 'gzip, deflate, br', 'Accept': '*/*', 'Connection': 'keep-alive'} 
 body=None 
 </msg>
<msg timestamp="20230828 09:46:32.836" level="INFO">GET Response : url=https://serverest.dev/produtos/K6leHdftCeOJj8BJ 
 status=200, reason=OK 
 headers={'access-control-allow-origin': '*', 'x-dns-prefetch-control': 'off', 'x-frame-options': 'SAMEORIGIN', 'strict-transport-security': 'max-age=15552000; includeSubDomains', 'x-download-options': 'noopen', 'x-content-type-options': 'nosniff', 'x-xss-protection': '1; mode=block', 'x-moesif-transaction-id': 'c1e617d7-4b9b-40da-b840-c38b77515be2', 'content-type': 'application/json; charset=utf-8', 'X-Cloud-Trace-Context': '4ac1fb950b4466f6faecdfcd6c120fc0;o=1', 'Date': 'Mon, 28 Aug 2023 12:46:32 GMT', 'Server': 'Google Frontend', 'Content-Length': '136'} 
 body={
    "nome": "Samsung 60 polegadas",
    "preco": 5240,
    "descricao": "TV",
    "quantidade": 49977,
    "_id": "K6leHdftCeOJj8BJ"
} 
 </msg>
<msg timestamp="20230828 09:46:32.837" level="INFO">/home/lasic/anaconda3/lib/python3.9/site-packages/urllib3/connectionpool.py:1045: InsecureRequestWarning: Unverified HTTPS request is being made to host 'serverest.dev'. Adding certificate verification is strongly advised. See: https://urllib3.readthedocs.io/en/1.26.x/advanced-usage.html#ssl-warnings
  warnings.warn(</msg>
<msg timestamp="20230828 09:46:32.837" level="INFO">${RESPONSE} = &lt;Response [200]&gt;</msg>
<status status="PASS" starttime="20230828 09:46:32.407" endtime="20230828 09:46:32.837"/>
</kw>
<status status="PASS" starttime="20230828 09:46:32.406" endtime="20230828 09:46:32.837"/>
</kw>
<kw name="Então o status de resposta deve ser 200">
<doc>Verifica se o status de resposta é 200</doc>
<kw name="Set Variable" library="BuiltIn">
<var>${status_code}</var>
<arg>RESPONSE</arg>
<doc>Returns the given values which can then be assigned to a variables.</doc>
<msg timestamp="20230828 09:46:32.838" level="INFO">${status_code} = RESPONSE</msg>
<status status="PASS" starttime="20230828 09:46:32.838" endtime="20230828 09:46:32.838"/>
</kw>
<kw name="Should Be Equal As Strings" library="BuiltIn">
<arg>${status_code}</arg>
<arg>200</arg>
<doc>Fails if objects are unequal after converting them to strings.</doc>
<msg timestamp="20230828 09:46:32.839" level="FAIL">RESPONSE != 200</msg>
<status status="FAIL" starttime="20230828 09:46:32.839" endtime="20230828 09:46:32.839"/>
</kw>
<kw name="Delete All Sessions" library="RequestsLibrary">
<doc>Removes all the session objects</doc>
<status status="NOT RUN" starttime="20230828 09:46:32.840" endtime="20230828 09:46:32.840"/>
</kw>
<status status="FAIL" starttime="20230828 09:46:32.837" endtime="20230828 09:46:32.840"/>
</kw>
<status status="FAIL" starttime="20230828 09:46:32.405" endtime="20230828 09:46:32.840">RESPONSE != 200</status>
</test>
<status status="FAIL" starttime="20230828 09:46:32.319" endtime="20230828 09:46:32.841"/>
</suite>
<statistics>
<total>
<stat pass="0" fail="1" skip="0">All Tests</stat>
</total>
<tag>
</tag>
<suite>
<stat pass="0" fail="1" skip="0" id="s1" name="produtosServeRest">produtosServeRest</stat>
</suite>
</statistics>
<errors>
</errors>
</robot>
