<?xml version="1.0" encoding="UTF-8"?>
<robot generator="Robot 6.0 (Python 3.9.12 on linux)" generated="20230825 11:28:00.756" rpa="false" schemaversion="3">
<suite id="s1" name="serveRestTest" source="/home/lasic/workspace/robot_tests/serveRestTest.robot">
<test id="s1-t1" name="Get Product Information" line="15">
<kw name="Given the API endpoint is available">
<doc>Ensure that the API endpoint is up and running</doc>
<kw name="No Operation" library="BuiltIn">
<doc>Does absolutely nothing.</doc>
<status status="PASS" starttime="20230825 11:28:00.840" endtime="20230825 11:28:00.841"/>
</kw>
<status status="PASS" starttime="20230825 11:28:00.840" endtime="20230825 11:28:00.841"/>
</kw>
<kw name="When a user requests product information with ID ${_id}" sourcename="When a user requests product information with ID ${_id}">
<doc>Request product information with the given ID</doc>
<kw name="GET On Session" library="RequestsLibrary">
<var>${RESPONSE}</var>
<arg>alias="Serverest"</arg>
<arg>url=${BASE_URL}/Produtos/${_id}</arg>
<doc>Sends a GET request on a previously created HTTP Session.</doc>
<msg timestamp="20230825 11:28:00.842" level="FAIL">Non-existing index or alias '"Serverest"'.</msg>
<status status="FAIL" starttime="20230825 11:28:00.841" endtime="20230825 11:28:00.842"/>
</kw>
<kw name="Set Test Variable" library="BuiltIn">
<arg>${RESPONSE}</arg>
<doc>Makes a variable available everywhere within the scope of the current test.</doc>
<status status="NOT RUN" starttime="20230825 11:28:00.842" endtime="20230825 11:28:00.842"/>
</kw>
<status status="FAIL" starttime="20230825 11:28:00.841" endtime="20230825 11:28:00.843"/>
</kw>
<kw name="Then the response status code should be 200">
<doc>Verify that the response status code is 200</doc>
<status status="NOT RUN" starttime="20230825 11:28:00.843" endtime="20230825 11:28:00.843"/>
</kw>
<kw name="And the response should contain product name &quot;Product 1&quot;">
<doc>Verify that the response contains the expected product name</doc>
<status status="NOT RUN" starttime="20230825 11:28:00.843" endtime="20230825 11:28:00.843"/>
</kw>
<tag>BDD</tag>
<status status="FAIL" starttime="20230825 11:28:00.840" endtime="20230825 11:28:00.843">Non-existing index or alias '"Serverest"'.</status>
</test>
<status status="FAIL" starttime="20230825 11:28:00.757" endtime="20230825 11:28:00.844"/>
</suite>
<statistics>
<total>
<stat pass="0" fail="1" skip="0">All Tests</stat>
</total>
<tag>
<stat pass="0" fail="1" skip="0">BDD</stat>
</tag>
<suite>
<stat pass="0" fail="1" skip="0" id="s1" name="serveRestTest">serveRestTest</stat>
</suite>
</statistics>
<errors>
</errors>
</robot>
